# Logfile created on 2014-01-24 09:46:19 -0600 by logger.rb/44203
I, [2014-01-24T09:46:19.095697 #48128]  INFO -- : 2:  rake (10.1.1) from /Users/dylan/.rbenv/versions/2.1.0/lib/ruby/gems/2.1.0/specifications/rake-10.1.1.gemspec
I, [2014-01-24T09:46:19.095803 #48127]  INFO -- : 1:  i18n (0.6.9) from /Users/dylan/.rbenv/versions/2.1.0/lib/ruby/gems/2.1.0/specifications/i18n-0.6.9.gemspec
I, [2014-01-24T09:46:19.096746 #48127]  INFO -- : 1:  atomic (1.1.14) from /Users/dylan/.rbenv/versions/2.1.0/lib/ruby/gems/2.1.0/specifications/atomic-1.1.14.gemspec
I, [2014-01-24T09:46:19.096976 #48128]  INFO -- : 2:  tzinfo (0.3.38) from /Users/dylan/.rbenv/versions/2.1.0/lib/ruby/gems/2.1.0/specifications/tzinfo-0.3.38.gemspec
I, [2014-01-24T09:46:19.097450 #48127]  INFO -- : 1:  builder (3.1.4) from /Users/dylan/.rbenv/versions/2.1.0/lib/ruby/gems/2.1.0/specifications/builder-3.1.4.gemspec
I, [2014-01-24T09:46:19.097769 #48128]  INFO -- : 2:  erubis (2.7.0) from /Users/dylan/.rbenv/versions/2.1.0/lib/ruby/gems/2.1.0/specifications/erubis-2.7.0.gemspec
I, [2014-01-24T09:46:19.098005 #48129]  INFO -- : 3:  minitest (4.7.5) from /Users/dylan/.rbenv/versions/2.1.0/lib/ruby/gems/2.1.0/specifications/default/minitest-4.7.5.gemspec
I, [2014-01-24T09:46:19.098130 #48126]  INFO -- : 0:  multi_json (1.8.4) from /Users/dylan/.rbenv/versions/2.1.0/lib/ruby/gems/2.1.0/specifications/multi_json-1.8.4.gemspec
I, [2014-01-24T09:46:19.098331 #48127]  INFO -- : 1:  rack (1.5.2) from /Users/dylan/.rbenv/versions/2.1.0/lib/ruby/gems/2.1.0/specifications/rack-1.5.2.gemspec
I, [2014-01-24T09:46:19.098637 #48128]  INFO -- : 2:  mime-types (1.25.1) from /Users/dylan/.rbenv/versions/2.1.0/lib/ruby/gems/2.1.0/specifications/mime-types-1.25.1.gemspec
I, [2014-01-24T09:46:19.099184 #48126]  INFO -- : 0:  polyglot (0.3.3) from /Users/dylan/.rbenv/versions/2.1.0/lib/ruby/gems/2.1.0/specifications/polyglot-0.3.3.gemspec
I, [2014-01-24T09:46:19.099540 #48129]  INFO -- : 3:  activerecord-deprecated_finders (1.0.3) from /Users/dylan/.rbenv/versions/2.1.0/lib/ruby/gems/2.1.0/specifications/activerecord-deprecated_finders-1.0.3.gemspec
I, [2014-01-24T09:46:19.099598 #48127]  INFO -- : 1:  arel (4.0.1) from /Users/dylan/.rbenv/versions/2.1.0/lib/ruby/gems/2.1.0/specifications/arel-4.0.1.gemspec
I, [2014-01-24T09:46:19.099839 #48128]  INFO -- : 2:  net-ssh (2.7.0) from /Users/dylan/.rbenv/versions/2.1.0/lib/ruby/gems/2.1.0/specifications/net-ssh-2.7.0.gemspec
I, [2014-01-24T09:46:19.099977 #48126]  INFO -- : 0:  tins (0.13.1) from /Users/dylan/.rbenv/versions/2.1.0/lib/ruby/gems/2.1.0/specifications/tins-0.13.1.gemspec
I, [2014-01-24T09:46:19.100337 #48127]  INFO -- : 1:  coffee-script-source (1.6.3) from /Users/dylan/.rbenv/versions/2.1.0/lib/ruby/gems/2.1.0/specifications/coffee-script-source-1.6.3.gemspec
I, [2014-01-24T09:46:19.100587 #48128]  INFO -- : 2:  execjs (2.0.2) from /Users/dylan/.rbenv/versions/2.1.0/lib/ruby/gems/2.1.0/specifications/execjs-2.0.2.gemspec
I, [2014-01-24T09:46:19.100736 #48129]  INFO -- : 3:  thor (0.18.1) from /Users/dylan/.rbenv/versions/2.1.0/lib/ruby/gems/2.1.0/specifications/thor-0.18.1.gemspec
I, [2014-01-24T09:46:19.101143 #48127]  INFO -- : 1:  json (1.8.1) from /Users/dylan/.rbenv/versions/2.1.0/lib/ruby/gems/2.1.0/specifications/default/json-1.8.1.gemspec
I, [2014-01-24T09:46:19.101237 #48126]  INFO -- : 0:  hike (1.2.3) from /Users/dylan/.rbenv/versions/2.1.0/lib/ruby/gems/2.1.0/specifications/hike-1.2.3.gemspec
I, [2014-01-24T09:46:19.101495 #48129]  INFO -- : 3:  bundler (1.5.0) from /Users/dylan/.rbenv/versions/2.1.0/lib/ruby/gems/2.1.0/specifications/bundler-1.5.0.gemspec
I, [2014-01-24T09:46:19.101483 #48128]  INFO -- : 2:  mono_logger (1.1.0) from /Users/dylan/.rbenv/versions/2.1.0/lib/ruby/gems/2.1.0/specifications/mono_logger-1.1.0.gemspec
I, [2014-01-24T09:46:19.101989 #48127]  INFO -- : 1:  tilt (1.4.1) from /Users/dylan/.rbenv/versions/2.1.0/lib/ruby/gems/2.1.0/specifications/tilt-1.4.1.gemspec
I, [2014-01-24T09:46:19.102351 #48126]  INFO -- : 0:  redis (3.0.7) from /Users/dylan/.rbenv/versions/2.1.0/lib/ruby/gems/2.1.0/specifications/redis-3.0.7.gemspec
I, [2014-01-24T09:46:19.102518 #48128]  INFO -- : 2:  sass (3.2.13) from /Users/dylan/.rbenv/versions/2.1.0/lib/ruby/gems/2.1.0/specifications/sass-3.2.13.gemspec
I, [2014-01-24T09:46:19.102938 #48129]  INFO -- : 3:  sqlite3 (1.3.8) from /Users/dylan/.rbenv/versions/2.1.0/lib/ruby/gems/2.1.0/specifications/sqlite3-1.3.8.gemspec
I, [2014-01-24T09:46:19.102996 #48127]  INFO -- : 1:  thread_safe (0.1.3) from /Users/dylan/.rbenv/versions/2.1.0/lib/ruby/gems/2.1.0/specifications/thread_safe-0.1.3.gemspec
I, [2014-01-24T09:46:19.103411 #48128]  INFO -- : 2:  rack-protection (1.5.2) from /Users/dylan/.rbenv/versions/2.1.0/lib/ruby/gems/2.1.0/specifications/rack-protection-1.5.2.gemspec
I, [2014-01-24T09:46:19.103376 #48126]  INFO -- : 0:  rack-test (0.6.2) from /Users/dylan/.rbenv/versions/2.1.0/lib/ruby/gems/2.1.0/specifications/rack-test-0.6.2.gemspec
I, [2014-01-24T09:46:19.103681 #48129]  INFO -- : 3:  vegas (0.1.11) from /Users/dylan/.rbenv/versions/2.1.0/lib/ruby/gems/2.1.0/specifications/vegas-0.1.11.gemspec
I, [2014-01-24T09:46:19.104088 #48127]  INFO -- : 1:  treetop (1.4.15) from /Users/dylan/.rbenv/versions/2.1.0/lib/ruby/gems/2.1.0/specifications/treetop-1.4.15.gemspec
I, [2014-01-24T09:46:19.104311 #48126]  INFO -- : 0:  term-ansicolor (1.2.2) from /Users/dylan/.rbenv/versions/2.1.0/lib/ruby/gems/2.1.0/specifications/term-ansicolor-1.2.2.gemspec
I, [2014-01-24T09:46:19.104360 #48128]  INFO -- : 2:  net-scp (1.1.2) from /Users/dylan/.rbenv/versions/2.1.0/lib/ruby/gems/2.1.0/specifications/net-scp-1.1.2.gemspec
I, [2014-01-24T09:46:19.104786 #48129]  INFO -- : 3:  coffee-script (2.2.0) from /Users/dylan/.rbenv/versions/2.1.0/lib/ruby/gems/2.1.0/specifications/coffee-script-2.2.0.gemspec
I, [2014-01-24T09:46:19.105158 #48127]  INFO -- : 1:  rdoc (4.1.1) from /Users/dylan/.rbenv/versions/2.1.0/lib/ruby/gems/2.1.0/specifications/rdoc-4.1.1.gemspec
I, [2014-01-24T09:46:19.105164 #48126]  INFO -- : 0:  uglifier (2.4.0) from /Users/dylan/.rbenv/versions/2.1.0/lib/ruby/gems/2.1.0/specifications/uglifier-2.4.0.gemspec
I, [2014-01-24T09:46:19.105473 #48128]  INFO -- : 2:  sprockets (2.10.1) from /Users/dylan/.rbenv/versions/2.1.0/lib/ruby/gems/2.1.0/specifications/sprockets-2.10.1.gemspec
I, [2014-01-24T09:46:19.105905 #48129]  INFO -- : 3:  redis-namespace (1.4.1) from /Users/dylan/.rbenv/versions/2.1.0/lib/ruby/gems/2.1.0/specifications/redis-namespace-1.4.1.gemspec
I, [2014-01-24T09:46:19.106021 #48126]  INFO -- : 0:  activesupport (4.0.2) from /Users/dylan/.rbenv/versions/2.1.0/lib/ruby/gems/2.1.0/specifications/activesupport-4.0.2.gemspec
I, [2014-01-24T09:46:19.106154 #48127]  INFO -- : 1:  sinatra (1.4.4) from /Users/dylan/.rbenv/versions/2.1.0/lib/ruby/gems/2.1.0/specifications/sinatra-1.4.4.gemspec
I, [2014-01-24T09:46:19.106277 #48128]  INFO -- : 2:  mail (2.5.4) from /Users/dylan/.rbenv/versions/2.1.0/lib/ruby/gems/2.1.0/specifications/mail-2.5.4.gemspec
I, [2014-01-24T09:46:19.106740 #48129]  INFO -- : 3:  sshkit (1.3.0) from /Users/dylan/.rbenv/versions/2.1.0/lib/ruby/gems/2.1.0/specifications/sshkit-1.3.0.gemspec
I, [2014-01-24T09:46:19.106971 #48127]  INFO -- : 1:  sdoc (0.4.0) from /Users/dylan/.rbenv/versions/2.1.0/lib/ruby/gems/2.1.0/specifications/sdoc-0.4.0.gemspec
I, [2014-01-24T09:46:19.107188 #48126]  INFO -- : 0:  actionpack (4.0.2) from /Users/dylan/.rbenv/versions/2.1.0/lib/ruby/gems/2.1.0/specifications/actionpack-4.0.2.gemspec
I, [2014-01-24T09:46:19.107304 #48128]  INFO -- : 2:  resque (1.25.1) from /Users/dylan/.rbenv/versions/2.1.0/lib/ruby/gems/2.1.0/specifications/resque-1.25.1.gemspec
I, [2014-01-24T09:46:19.107689 #48129]  INFO -- : 3:  activemodel (4.0.2) from /Users/dylan/.rbenv/versions/2.1.0/lib/ruby/gems/2.1.0/specifications/activemodel-4.0.2.gemspec
I, [2014-01-24T09:46:19.107859 #48127]  INFO -- : 1:  jbuilder (1.5.3) from /Users/dylan/.rbenv/versions/2.1.0/lib/ruby/gems/2.1.0/specifications/jbuilder-1.5.3.gemspec
I, [2014-01-24T09:46:19.108074 #48126]  INFO -- : 0:  capistrano (3.0.1) from /Users/dylan/.rbenv/versions/2.1.0/lib/ruby/gems/2.1.0/specifications/capistrano-3.0.1.gemspec
I, [2014-01-24T09:46:19.108148 #48128]  INFO -- : 2:  actionmailer (4.0.2) from /Users/dylan/.rbenv/versions/2.1.0/lib/ruby/gems/2.1.0/specifications/actionmailer-4.0.2.gemspec
I, [2014-01-24T09:46:19.108452 #48129]  INFO -- : 3:  railties (4.0.2) from /Users/dylan/.rbenv/versions/2.1.0/lib/ruby/gems/2.1.0/specifications/railties-4.0.2.gemspec
I, [2014-01-24T09:46:19.108659 #48127]  INFO -- : 1:  sprockets-rails (2.0.1) from /Users/dylan/.rbenv/versions/2.1.0/lib/ruby/gems/2.1.0/specifications/sprockets-rails-2.0.1.gemspec
I, [2014-01-24T09:46:19.108846 #48128]  INFO -- : 2:  activerecord (4.0.2) from /Users/dylan/.rbenv/versions/2.1.0/lib/ruby/gems/2.1.0/specifications/activerecord-4.0.2.gemspec
I, [2014-01-24T09:46:19.109023 #48126]  INFO -- : 0:  capistrano-bundler (1.1.1) from /Users/dylan/.rbenv/versions/2.1.0/lib/ruby/gems/2.1.0/specifications/capistrano-bundler-1.1.1.gemspec
I, [2014-01-24T09:46:19.109212 #48129]  INFO -- : 3:  coffee-rails (4.0.1) from /Users/dylan/.rbenv/versions/2.1.0/lib/ruby/gems/2.1.0/specifications/coffee-rails-4.0.1.gemspec
I, [2014-01-24T09:46:19.109605 #48127]  INFO -- : 1:  jquery-rails (3.0.4) from /Users/dylan/.rbenv/versions/2.1.0/lib/ruby/gems/2.1.0/specifications/jquery-rails-3.0.4.gemspec
I, [2014-01-24T09:46:19.109900 #48126]  INFO -- : 0:  sass-rails (4.0.1) from /Users/dylan/.rbenv/versions/2.1.0/lib/ruby/gems/2.1.0/specifications/sass-rails-4.0.1.gemspec
I, [2014-01-24T09:46:19.109969 #48128]  INFO -- : 2:  rails (4.0.2) from /Users/dylan/.rbenv/versions/2.1.0/lib/ruby/gems/2.1.0/specifications/rails-4.0.2.gemspec
I, [2014-01-24T09:46:19.110073 #48129]  INFO -- : 3:  capistrano-rails (1.1.0) from /Users/dylan/.rbenv/versions/2.1.0/lib/ruby/gems/2.1.0/specifications/capistrano-rails-1.1.0.gemspec
I, [2014-01-24T09:46:19.110324 #48127]  INFO -- : 1:  turbolinks (2.2.0) from /Users/dylan/.rbenv/versions/2.1.0/lib/ruby/gems/2.1.0/specifications/turbolinks-2.2.0.gemspec
